

Nouvelle tentative: 2025-04-17 19:44:51
POST: Array
(
)

ERREUR: Tous les champs sont requis

Nouvelle tentative: 2025-04-17 19:45:22
POST: Array
(
)

ERREUR: Tous les champs sont requis

Nouvelle tentative: 2025-04-17 19:45:26
POST: Array
(
    [email] => dd@ff
    [password] => dd
)

ERREUR: Combinaison email/mot de passe incorrecte

Nouvelle tentative: 2025-04-17 19:48:13
POST: Array
(
    [email] => sdds@gmail.com
    [password] => 3Azerty@
)

ERREUR: Combinaison email/mot de passe incorrecte

Nouvelle tentative: 2025-04-17 19:56:04
POST: Array
(
    [email] => sdds@gmail.com
    [password] => $2y$10$92IXUNpkjO0rOQ5byMi.Ye4oKoEa3Ro9llC/.og/at2.uheWG/igi
)

ERREUR: Combinaison email/mot de passe incorrecte

Nouvelle tentative: 2025-04-17 19:56:32
POST: Array
(
    [email] => sdds@gmail.com
    [password] => password
)

Connexion réussie: sdds@gmail.com

Nouvelle tentative: 2025-04-17 19:58:00
POST: Array
(
    [email] => sdds@gmail.com
    [password] => password
)

Connexion réussie: sdds@gmail.com

2025-04-17 20:02:55 - Nouvelle tentative
Connexion réussie: sdds@gmail.com


2025-04-17 21:18:05 - Nouvelle tentative
Connexion réussie: sdds@gmail.com


2025-04-17 21:57:04 - Nouvelle tentative
ERREUR: Identifiants incorrects


2025-04-17 21:57:10 - Nouvelle tentative
Connexion réussie: sdds@gmail.com


2025-04-17 22:49:36 - Nouvelle tentative
Connexion réussie: sdds@gmail.com


2025-04-19 17:12:45 - Nouvelle tentative
Connexion réussie: sdds@gmail.com


2025-04-19 17:13:45 - Nouvelle tentative
ERREUR: Identifiants incorrects


2025-04-19 17:29:03 - Nouvelle tentative
ERREUR: Identifiants incorrects


2025-04-19 17:29:15 - Nouvelle tentative
Connexion réussie: saleh@gmail.com


2025-04-19 17:43:29 - Nouvelle tentative
Connexion réussie: admin@gmail.com


2025-04-19 17:45:50 - Nouvelle tentative
Connexion réussie: admin@gmail.com


2025-04-19 18:04:41 - Nouvelle tentative
Connexion réussie: admin@gmail.com


2025-04-19 18:09:19 - Nouvelle tentative
Connexion réussie: admin@gmail.com


2025-04-19 18:19:44 - Nouvelle tentative
ERREUR: Identifiants incorrects


2025-04-19 18:50:12 - Nouvelle tentative
ERREUR: Identifiants incorrects


2025-04-19 18:50:21 - Nouvelle tentative
ERREUR: Identifiants incorrects


2025-04-19 19:13:38 - Nouvelle tentative
Connexion réussie: zez@gmail.com


2025-04-19 19:14:12 - Nouvelle tentative
Connexion réussie: kknl@gmail.com


2025-04-19 19:14:39 - Nouvelle tentative
ERREUR: Identifiants incorrects


2025-04-19 19:14:54 - Nouvelle tentative
Connexion réussie: zez@gmail.com


2025-04-19 19:17:06 - Nouvelle tentative
ERREUR: Identifiants incorrects


2025-04-19 19:17:21 - Nouvelle tentative
Connexion réussie: zez@gmail.com


2025-04-19 19:54:28 - Nouvelle tentative
ERREUR: Identifiants incorrects


2025-04-19 20:09:44 - Nouvelle tentative
Connexion réussie: admin@gmail.com


2025-04-19 20:10:22 - Nouvelle tentative
Connexion réussie: kknl@gmail.com


2025-04-23 14:21:09 - Nouvelle tentative
ERREUR: Identifiants incorrects


2025-04-23 14:23:07 - Nouvelle tentative
ERREUR: Identifiants incorrects


2025-04-23 14:23:30 - Nouvelle tentative
ERREUR: Identifiants incorrects


2025-04-23 14:24:43 - Nouvelle tentative
Connexion réussie: hamzz@gmail.com


2025-04-23 14:39:39 - Nouvelle tentative
ERREUR: Identifiants incorrects


2025-04-23 14:40:54 - Nouvelle tentative
Connexion réussie: hamzawi@gmail.com


2025-04-23 15:21:12 - Nouvelle tentative
Connexion réussie: hamza@gmail.com


2025-04-23 15:30:24 - Nouvelle tentative
Connexion réussie: hamza@gmail.com


2025-04-23 15:36:40 - Nouvelle tentative
Connexion réussie: hamza@gmail.com


2025-04-23 21:18:47 - Nouvelle tentative
Connexion réussie: hamza@gmail.com


2025-04-23 22:52:34 - Nouvelle tentative
ERREUR: Identifiants incorrects


2025-04-23 22:52:45 - Nouvelle tentative
ERREUR: Identifiants incorrects


2025-04-23 22:52:56 - Nouvelle tentative
Connexion réussie: hamza@gmail.com


2025-04-29 18:12:07 - Nouvelle tentative
ERREUR: Identifiants incorrects


2025-04-29 20:07:46 - Nouvelle tentative
ERREUR: Identifiants incorrects


2025-04-29 20:08:42 - Nouvelle tentative
Connexion réussie: de@gmail.com


2025-04-29 20:15:16 - Nouvelle tentative
ERREUR: Identifiants incorrects


2025-04-29 20:16:01 - Nouvelle tentative
Connexion réussie: de@gmail.com


2025-04-30 23:19:10 - Nouvelle tentative
Connexion réussie: de@gmail.com


2025-05-01 00:20:29 - Nouvelle tentative
ERREUR: Identifiants incorrects


2025-05-01 00:21:15 - Nouvelle tentative
ERREUR: Identifiants incorrects


2025-05-01 00:21:37 - Nouvelle tentative
Connexion réussie: hazma@gmail.com


2025-05-01 22:29:54 - Nouvelle tentative
Connexion réussie: de@gmail.com


2025-05-01 22:30:27 - Nouvelle tentative
ERREUR: Identifiants incorrects


2025-05-01 22:30:40 - Nouvelle tentative
Connexion réussie: de@gmail.com


2025-05-02 15:00:40 - Nouvelle tentative
ERREUR: Identifiants incorrects


2025-05-02 15:11:35 - Nouvelle tentative
ERREUR: Identifiants incorrects


2025-05-02 15:18:26 - Nouvelle tentative
ERREUR: Identifiants incorrects


2025-05-02 15:19:13 - Nouvelle tentative
Connexion réussie: f@gmail.com


2025-05-02 15:22:03 - Nouvelle tentative
Connexion réussie: f@gmail.com


2025-05-02 21:40:47 - Nouvelle tentative
ERREUR: Identifiants incorrects


2025-05-02 21:43:59 - Nouvelle tentative
Connexion réussie: la@gmail.com


2025-05-03 00:36:17 - Nouvelle tentative
Connexion réussie: jellali.hamza@esprit.tn


2025-05-03 02:00:38 - Nouvelle tentative
Connexion réussie: jellali.hamza@esprit.tn


2025-05-03 10:11:20 - Nouvelle tentative
Connexion réussie: jellali.hamza@esprit.tn


2025-05-03 10:17:22 - Nouvelle tentative
Connexion réussie: la@gmail.com


2025-05-03 10:19:30 - Nouvelle tentative
Connexion réussie: jellali.hamza@esprit.tn


2025-05-03 10:20:47 - Nouvelle tentative
Connexion réussie: la@gmail.com


2025-05-03 10:21:46 - Nouvelle tentative
Connexion réussie: la@gmail.com


2025-05-03 10:26:41 - Nouvelle tentative
Connexion réussie: la@gmail.com


2025-05-03 10:28:21 - Nouvelle tentative
Connexion réussie: la@gmail.com


2025-05-03 10:28:37 - Nouvelle tentative
Connexion réussie: jellali.hamza@esprit.tn
